# JRE version: OpenJDK Runtime Environment (15.0+36) (build 15+36-1562)
# Java VM: OpenJDK 64-Bit Server VM (15+36-1562, mixed mode, tiered, compressed oops, g1 gc, windows-amd64)
GC Precious Log:
 CPUs: 32 total, 32 available
 Memory: 16070M
 Large Page Support: Disabled
 NUMA Support: Disabled
 Compressed Oops: Enabled (Zero based)
 Heap Region Size: 2M
 Heap Min Capacity: 8M
 Heap Initial Capacity: 252M
 Heap Max Capacity: 4018M
 Pre-touch: Disabled
 Parallel Workers: 23
 Concurrent Workers: 6
 Concurrent Refinement Workers: 23
 Periodic GC: Disabled
Heap:
 garbage-first heap   total 102400K, used 51316K [0x0000000704e00000, 0x0000000800000000)
  region size 2048K, 15 young (30720K), 4 survivors (8192K)
 Metaspace       used 73008K, capacity 73796K, committed 73856K, reserved 1114112K
  class space    used 9081K, capacity 9286K, committed 9344K, reserved 1048576K
GC Heap History (20 events):
Event: 0.876 GC heap before
{Heap before GC invocations=6 (full 0):
 garbage-first heap   total 155648K, used 95619K [0x0000000704e00000, 0x0000000800000000)
  region size 2048K, 45 young (92160K), 2 survivors (4096K)
 Metaspace       used 29853K, capacity 30202K, committed 30336K, reserved 1075200K
  class space    used 3522K, capacity 3635K, committed 3712K, reserved 1048576K
}
Event: 0.878 GC heap after
{Heap after GC invocations=7 (full 0):
 garbage-first heap   total 155648K, used 11772K [0x0000000704e00000, 0x0000000800000000)
  region size 2048K, 3 young (6144K), 3 survivors (6144K)
 Metaspace       used 29853K, capacity 30202K, committed 30336K, reserved 1075200K
  class space    used 3522K, capacity 3635K, committed 3712K, reserved 1048576K
}
Event: 1.133 GC heap before
{Heap before GC invocations=7 (full 0):
 garbage-first heap   total 155648K, used 60924K [0x0000000704e00000, 0x0000000800000000)
  region size 2048K, 28 young (57344K), 3 survivors (6144K)
 Metaspace       used 35313K, capacity 35790K, committed 35840K, reserved 1081344K
  class space    used 4298K, capacity 4467K, committed 4480K, reserved 1048576K
}
Event: 1.136 GC heap after
{Heap after GC invocations=8 (full 0):
 garbage-first heap   total 155648K, used 15303K [0x0000000704e00000, 0x0000000800000000)
  region size 2048K, 5 young (10240K), 5 survivors (10240K)
 Metaspace       used 35313K, capacity 35790K, committed 35840K, reserved 1081344K
  class space    used 4298K, capacity 4467K, committed 4480K, reserved 1048576K
}
Event: 1.209 GC heap before
{Heap before GC invocations=9 (full 0):
 garbage-first heap   total 69632K, used 64455K [0x0000000704e00000, 0x0000000800000000)
  region size 2048K, 30 young (61440K), 5 survivors (10240K)
 Metaspace       used 37181K, capacity 37614K, committed 37760K, reserved 1083392K
  class space    used 4487K, capacity 4627K, committed 4736K, reserved 1048576K
}
Event: 1.212 GC heap after
{Heap after GC invocations=10 (full 0):
 garbage-first heap   total 81920K, used 16782K [0x0000000704e00000, 0x0000000800000000)
  region size 2048K, 4 young (8192K), 4 survivors (8192K)
 Metaspace       used 37181K, capacity 37614K, committed 37760K, reserved 1083392K
  class space    used 4487K, capacity 4627K, committed 4736K, reserved 1048576K
}
Event: 1.221 GC heap before
{Heap before GC invocations=10 (full 0):
 garbage-first heap   total 81920K, used 55694K [0x0000000704e00000, 0x0000000800000000)
  region size 2048K, 24 young (49152K), 4 survivors (8192K)
 Metaspace       used 37181K, capacity 37614K, committed 37760K, reserved 1083392K
  class space    used 4487K, capacity 4627K, committed 4736K, reserved 1048576K
}
Event: 1.223 GC heap after
{Heap after GC invocations=11 (full 0):
 garbage-first heap   total 98304K, used 16969K [0x0000000704e00000, 0x0000000800000000)
  region size 2048K, 1 young (2048K), 1 survivors (2048K)
 Metaspace       used 37181K, capacity 37614K, committed 37760K, reserved 1083392K
  class space    used 4487K, capacity 4627K, committed 4736K, reserved 1048576K
}
Event: 1.507 GC heap before
{Heap before GC invocations=11 (full 0):
 garbage-first heap   total 98304K, used 70217K [0x0000000704e00000, 0x0000000800000000)
  region size 2048K, 28 young (57344K), 1 survivors (2048K)
 Metaspace       used 43586K, capacity 44109K, committed 44160K, reserved 1087488K
  class space    used 5335K, capacity 5490K, committed 5504K, reserved 1048576K
}
Event: 1.509 GC heap after
{Heap after GC invocations=12 (full 0):
 garbage-first heap   total 98304K, used 18563K [0x0000000704e00000, 0x0000000800000000)
  region size 2048K, 2 young (4096K), 2 survivors (4096K)
 Metaspace       used 43586K, capacity 44109K, committed 44160K, reserved 1087488K
  class space    used 5335K, capacity 5490K, committed 5504K, reserved 1048576K
}
Event: 1.761 GC heap before
{Heap before GC invocations=12 (full 0):
 garbage-first heap   total 98304K, used 71811K [0x0000000704e00000, 0x0000000800000000)
  region size 2048K, 28 young (57344K), 2 survivors (4096K)
 Metaspace       used 51742K, capacity 52284K, committed 52480K, reserved 1095680K
  class space    used 6446K, capacity 6614K, committed 6656K, reserved 1048576K
}
Event: 1.764 GC heap after
{Heap after GC invocations=13 (full 0):
 garbage-first heap   total 98304K, used 21399K [0x0000000704e00000, 0x0000000800000000)
  region size 2048K, 4 young (8192K), 4 survivors (8192K)
 Metaspace       used 51742K, capacity 52284K, committed 52480K, reserved 1095680K
  class space    used 6446K, capacity 6614K, committed 6656K, reserved 1048576K
}
Event: 2.005 GC heap before
{Heap before GC invocations=13 (full 0):
 garbage-first heap   total 98304K, used 70551K [0x0000000704e00000, 0x0000000800000000)
  region size 2048K, 28 young (57344K), 4 survivors (8192K)
 Metaspace       used 57977K, capacity 58569K, committed 58880K, reserved 1099776K
  class space    used 7385K, capacity 7592K, committed 7680K, reserved 1048576K
}
Event: 2.008 GC heap after
{Heap after GC invocations=14 (full 0):
 garbage-first heap   total 98304K, used 24082K [0x0000000704e00000, 0x0000000800000000)
  region size 2048K, 3 young (6144K), 3 survivors (6144K)
 Metaspace       used 57977K, capacity 58569K, committed 58880K, reserved 1099776K
  class space    used 7385K, capacity 7592K, committed 7680K, reserved 1048576K
}
Event: 2.061 GC heap before
{Heap before GC invocations=14 (full 0):
 garbage-first heap   total 98304K, used 32274K [0x0000000704e00000, 0x0000000800000000)
  region size 2048K, 8 young (16384K), 3 survivors (6144K)
 Metaspace       used 59472K, capacity 60044K, committed 60160K, reserved 1101824K
  class space    used 7590K, capacity 7785K, committed 7808K, reserved 1048576K
}
Event: 2.064 GC heap after
{Heap after GC invocations=15 (full 0):
 garbage-first heap   total 118784K, used 25079K [0x0000000704e00000, 0x0000000800000000)
  region size 2048K, 2 young (4096K), 2 survivors (4096K)
 Metaspace       used 59472K, capacity 60044K, committed 60160K, reserved 1101824K
  class space    used 7590K, capacity 7785K, committed 7808K, reserved 1048576K
}
Event: 7.731 GC heap before
{Heap before GC invocations=16 (full 0):
 garbage-first heap   total 102400K, used 82423K [0x0000000704e00000, 0x0000000800000000)
  region size 2048K, 30 young (61440K), 2 survivors (4096K)
 Metaspace       used 63358K, capacity 64047K, committed 64256K, reserved 1105920K
  class space    used 8155K, capacity 8387K, committed 8448K, reserved 1048576K
}
Event: 7.734 GC heap after
{Heap after GC invocations=17 (full 0):
 garbage-first heap   total 102400K, used 27728K [0x0000000704e00000, 0x0000000800000000)
  region size 2048K, 4 young (8192K), 4 survivors (8192K)
 Metaspace       used 63358K, capacity 64047K, committed 64256K, reserved 1105920K
  class space    used 8155K, capacity 8387K, committed 8448K, reserved 1048576K
}
Event: 8.028 GC heap before
{Heap before GC invocations=17 (full 0):
 garbage-first heap   total 102400K, used 76880K [0x0000000704e00000, 0x0000000800000000)
  region size 2048K, 29 young (59392K), 4 survivors (8192K)
 Metaspace       used 70877K, capacity 71599K, committed 71936K, reserved 1112064K
  class space    used 8847K, capacity 9091K, committed 9216K, reserved 1048576K
}
Event: 8.031 GC heap after
{Heap after GC invocations=18 (full 0):
 garbage-first heap   total 102400K, used 30836K [0x0000000704e00000, 0x0000000800000000)
  region size 2048K, 4 young (8192K), 4 survivors (8192K)
 Metaspace       used 70877K, capacity 71599K, committed 71936K, reserved 1112064K
  class space    used 8847K, capacity 9091K, committed 9216K, reserved 1048576K
}

