# JRE version: OpenJDK Runtime Environment (15.0+36) (build 15+36-1562)
# Java VM: OpenJDK 64-Bit Server VM (15+36-1562, mixed mode, tiered, compressed oops, g1 gc, windows-amd64)
GC Precious Log:
 CPUs: 32 total, 32 available
 Memory: 16070M
 Large Page Support: Disabled
 NUMA Support: Disabled
 Compressed Oops: Enabled (Zero based)
 Heap Region Size: 2M
 Heap Min Capacity: 8M
 Heap Initial Capacity: 252M
 Heap Max Capacity: 4018M
 Pre-touch: Disabled
 Parallel Workers: 23
 Concurrent Workers: 6
 Concurrent Refinement Workers: 23
 Periodic GC: Disabled
Heap:
 garbage-first heap   total 96256K, used 56196K [0x0000000704e00000, 0x0000000800000000)
  region size 2048K, 17 young (34816K), 2 survivors (4096K)
 Metaspace       used 73489K, capacity 74365K, committed 74496K, reserved 1114112K
  class space    used 9157K, capacity 9415K, committed 9472K, reserved 1048576K
GC Heap History (20 events):
Event: 1.225 GC heap before
{Heap before GC invocations=10 (full 0):
 garbage-first heap   total 81920K, used 55751K [0x0000000704e00000, 0x0000000800000000)
  region size 2048K, 24 young (49152K), 4 survivors (8192K)
 Metaspace       used 37181K, capacity 37614K, committed 37760K, reserved 1083392K
  class space    used 4487K, capacity 4627K, committed 4736K, reserved 1048576K
}
Event: 1.227 GC heap after
{Heap after GC invocations=11 (full 0):
 garbage-first heap   total 98304K, used 16729K [0x0000000704e00000, 0x0000000800000000)
  region size 2048K, 1 young (2048K), 1 survivors (2048K)
 Metaspace       used 37181K, capacity 37614K, committed 37760K, reserved 1083392K
  class space    used 4487K, capacity 4627K, committed 4736K, reserved 1048576K
}
Event: 1.504 GC heap before
{Heap before GC invocations=11 (full 0):
 garbage-first heap   total 98304K, used 69977K [0x0000000704e00000, 0x0000000800000000)
  region size 2048K, 28 young (57344K), 1 survivors (2048K)
 Metaspace       used 43576K, capacity 44109K, committed 44160K, reserved 1087488K
  class space    used 5336K, capacity 5490K, committed 5504K, reserved 1048576K
}
Event: 1.507 GC heap after
{Heap after GC invocations=12 (full 0):
 garbage-first heap   total 98304K, used 18532K [0x0000000704e00000, 0x0000000800000000)
  region size 2048K, 2 young (4096K), 2 survivors (4096K)
 Metaspace       used 43576K, capacity 44109K, committed 44160K, reserved 1087488K
  class space    used 5336K, capacity 5490K, committed 5504K, reserved 1048576K
}
Event: 1.753 GC heap before
{Heap before GC invocations=12 (full 0):
 garbage-first heap   total 98304K, used 71780K [0x0000000704e00000, 0x0000000800000000)
  region size 2048K, 28 young (57344K), 2 survivors (4096K)
 Metaspace       used 51741K, capacity 52284K, committed 52480K, reserved 1095680K
  class space    used 6446K, capacity 6614K, committed 6656K, reserved 1048576K
}
Event: 1.757 GC heap after
{Heap after GC invocations=13 (full 0):
 garbage-first heap   total 98304K, used 21486K [0x0000000704e00000, 0x0000000800000000)
  region size 2048K, 4 young (8192K), 4 survivors (8192K)
 Metaspace       used 51741K, capacity 52284K, committed 52480K, reserved 1095680K
  class space    used 6446K, capacity 6614K, committed 6656K, reserved 1048576K
}
Event: 2.000 GC heap before
{Heap before GC invocations=13 (full 0):
 garbage-first heap   total 98304K, used 70638K [0x0000000704e00000, 0x0000000800000000)
  region size 2048K, 28 young (57344K), 4 survivors (8192K)
 Metaspace       used 57947K, capacity 58569K, committed 58880K, reserved 1099776K
  class space    used 7383K, capacity 7592K, committed 7680K, reserved 1048576K
}
Event: 2.003 GC heap after
{Heap after GC invocations=14 (full 0):
 garbage-first heap   total 98304K, used 24203K [0x0000000704e00000, 0x0000000800000000)
  region size 2048K, 3 young (6144K), 3 survivors (6144K)
 Metaspace       used 57947K, capacity 58569K, committed 58880K, reserved 1099776K
  class space    used 7383K, capacity 7592K, committed 7680K, reserved 1048576K
}
Event: 2.055 GC heap before
{Heap before GC invocations=14 (full 0):
 garbage-first heap   total 98304K, used 32395K [0x0000000704e00000, 0x0000000800000000)
  region size 2048K, 8 young (16384K), 3 survivors (6144K)
 Metaspace       used 59468K, capacity 60044K, committed 60160K, reserved 1101824K
  class space    used 7589K, capacity 7785K, committed 7808K, reserved 1048576K
}
Event: 2.058 GC heap after
{Heap after GC invocations=15 (full 0):
 garbage-first heap   total 118784K, used 24947K [0x0000000704e00000, 0x0000000800000000)
  region size 2048K, 2 young (4096K), 2 survivors (4096K)
 Metaspace       used 59468K, capacity 60044K, committed 60160K, reserved 1101824K
  class space    used 7589K, capacity 7785K, committed 7808K, reserved 1048576K
}
Event: 24.128 GC heap before
{Heap before GC invocations=16 (full 0):
 garbage-first heap   total 102400K, used 82291K [0x0000000704e00000, 0x0000000800000000)
  region size 2048K, 30 young (61440K), 2 survivors (4096K)
 Metaspace       used 63304K, capacity 63948K, committed 64256K, reserved 1105920K
  class space    used 8149K, capacity 8354K, committed 8448K, reserved 1048576K
}
Event: 24.132 GC heap after
{Heap after GC invocations=17 (full 0):
 garbage-first heap   total 102400K, used 28035K [0x0000000704e00000, 0x0000000800000000)
  region size 2048K, 4 young (8192K), 4 survivors (8192K)
 Metaspace       used 63304K, capacity 63948K, committed 64256K, reserved 1105920K
  class space    used 8149K, capacity 8354K, committed 8448K, reserved 1048576K
}
Event: 24.775 GC heap before
{Heap before GC invocations=17 (full 0):
 garbage-first heap   total 102400K, used 77187K [0x0000000704e00000, 0x0000000800000000)
  region size 2048K, 29 young (59392K), 4 survivors (8192K)
 Metaspace       used 70844K, capacity 71500K, committed 71552K, reserved 1112064K
  class space    used 8846K, capacity 9058K, committed 9088K, reserved 1048576K
}
Event: 24.778 GC heap after
{Heap after GC invocations=18 (full 0):
 garbage-first heap   total 102400K, used 30622K [0x0000000704e00000, 0x0000000800000000)
  region size 2048K, 4 young (8192K), 4 survivors (8192K)
 Metaspace       used 70844K, capacity 71500K, committed 71552K, reserved 1112064K
  class space    used 8846K, capacity 9058K, committed 9088K, reserved 1048576K
}
Event: 351.469 GC heap before
{Heap before GC invocations=18 (full 0):
 garbage-first heap   total 102400K, used 67486K [0x0000000704e00000, 0x0000000800000000)
  region size 2048K, 24 young (49152K), 4 survivors (8192K)
 Metaspace       used 73262K, capacity 74013K, committed 74112K, reserved 1114112K
  class space    used 9130K, capacity 9330K, committed 9344K, reserved 1048576K
}
Event: 351.487 GC heap after
{Heap after GC invocations=19 (full 1):
 garbage-first heap   total 96256K, used 26118K [0x0000000704e00000, 0x0000000800000000)
  region size 2048K, 0 young (0K), 0 survivors (0K)
 Metaspace       used 73235K, capacity 73925K, committed 74112K, reserved 1114112K
  class space    used 9129K, capacity 9327K, committed 9344K, reserved 1048576K
}
Event: 351.582 GC heap before
{Heap before GC invocations=19 (full 1):
 garbage-first heap   total 96256K, used 73222K [0x0000000704e00000, 0x0000000800000000)
  region size 2048K, 24 young (49152K), 0 survivors (0K)
 Metaspace       used 73265K, capacity 74011K, committed 74112K, reserved 1114112K
  class space    used 9134K, capacity 9333K, committed 9344K, reserved 1048576K
}
Event: 351.583 GC heap after
{Heap after GC invocations=20 (full 1):
 garbage-first heap   total 96256K, used 28917K [0x0000000704e00000, 0x0000000800000000)
  region size 2048K, 2 young (4096K), 2 survivors (4096K)
 Metaspace       used 73265K, capacity 74011K, committed 74112K, reserved 1114112K
  class space    used 9134K, capacity 9333K, committed 9344K, reserved 1048576K
}
Event: 351.675 GC heap before
{Heap before GC invocations=20 (full 1):
 garbage-first heap   total 96256K, used 71925K [0x0000000704e00000, 0x0000000800000000)
  region size 2048K, 24 young (49152K), 2 survivors (4096K)
 Metaspace       used 73426K, capacity 74204K, committed 74496K, reserved 1114112K
  class space    used 9153K, capacity 9410K, committed 9472K, reserved 1048576K
}
Event: 351.676 GC heap after
{Heap after GC invocations=21 (full 1):
 garbage-first heap   total 96256K, used 29572K [0x0000000704e00000, 0x0000000800000000)
  region size 2048K, 2 young (4096K), 2 survivors (4096K)
 Metaspace       used 73426K, capacity 74204K, committed 74496K, reserved 1114112K
  class space    used 9153K, capacity 9410K, committed 9472K, reserved 1048576K
}

